<?xml version="1.0" encoding="UTF-8"?>
<coverage generated="1646299263159" clover="3.2.0">
  <project timestamp="1646299263159" name="All files">
    <metrics statements="24" coveredstatements="12" conditionals="5" coveredconditionals="2" methods="20" coveredmethods="11" elements="49" coveredelements="25" complexity="0" loc="24" ncloc="24" packages="5" files="10" classes="10"/>
    <package name="api">
      <metrics statements="2" coveredstatements="0" conditionals="0" coveredconditionals="0" methods="2" coveredmethods="0"/>
      <file name="Http-command.js" path="/Users/mac/Documents/Enyata/foodl-app/src/api/Http-command.js">
        <metrics statements="0" coveredstatements="0" conditionals="0" coveredconditionals="0" methods="0" coveredmethods="0"/>
      </file>
      <file name="Recipes.js" path="/Users/mac/Documents/Enyata/foodl-app/src/api/Recipes.js">
        <metrics statements="2" coveredstatements="0" conditionals="0" coveredconditionals="0" methods="2" coveredmethods="0"/>
        <line num="5" count="0" type="stmt"/>
        <line num="8" count="0" type="stmt"/>
      </file>
    </package>
    <package name="components.Cards">
      <metrics statements="17" coveredstatements="7" conditionals="4" coveredconditionals="2" methods="13" coveredmethods="6"/>
      <file name="Cards.vue" path="/Users/mac/Documents/Enyata/foodl-app/src/components/Cards/Cards.vue">
        <metrics statements="1" coveredstatements="1" conditionals="2" coveredconditionals="1" methods="1" coveredmethods="1"/>
        <line num="1" count="12" type="cond" truecount="1" falsecount="1"/>
      </file>
      <file name="cards.js" path="/Users/mac/Documents/Enyata/foodl-app/src/components/Cards/cards.js">
        <metrics statements="16" coveredstatements="6" conditionals="2" coveredconditionals="1" methods="12" coveredmethods="5"/>
        <line num="13" count="2" type="stmt"/>
        <line num="23" count="0" type="stmt"/>
        <line num="28" count="0" type="stmt"/>
        <line num="35" count="1" type="stmt"/>
        <line num="36" count="1" type="stmt"/>
        <line num="40" count="0" type="stmt"/>
        <line num="56" count="2" type="cond" truecount="1" falsecount="1"/>
        <line num="57" count="0" type="stmt"/>
        <line num="58" count="0" type="stmt"/>
        <line num="60" count="0" type="stmt"/>
        <line num="61" count="0" type="stmt"/>
        <line num="64" count="0" type="stmt"/>
        <line num="67" count="0" type="stmt"/>
        <line num="68" count="0" type="stmt"/>
        <line num="72" count="2" type="stmt"/>
        <line num="78" count="2" type="stmt"/>
      </file>
    </package>
    <package name="components.NavBar">
      <metrics statements="1" coveredstatements="1" conditionals="0" coveredconditionals="0" methods="1" coveredmethods="1"/>
      <file name="NavBar.vue" path="/Users/mac/Documents/Enyata/foodl-app/src/components/NavBar/NavBar.vue">
        <metrics statements="1" coveredstatements="1" conditionals="0" coveredconditionals="0" methods="1" coveredmethods="1"/>
        <line num="1" count="6" type="stmt"/>
      </file>
      <file name="navbar.js" path="/Users/mac/Documents/Enyata/foodl-app/src/components/NavBar/navbar.js">
        <metrics statements="0" coveredstatements="0" conditionals="0" coveredconditionals="0" methods="0" coveredmethods="0"/>
      </file>
    </package>
    <package name="components.SearchBar">
      <metrics statements="2" coveredstatements="2" conditionals="1" coveredconditionals="0" methods="2" coveredmethods="2"/>
      <file name="Search.vue" path="/Users/mac/Documents/Enyata/foodl-app/src/components/SearchBar/Search.vue">
        <metrics statements="1" coveredstatements="1" conditionals="1" coveredconditionals="0" methods="1" coveredmethods="1"/>
        <line num="1" count="6" type="cond" truecount="0" falsecount="1"/>
      </file>
      <file name="search.js" path="/Users/mac/Documents/Enyata/foodl-app/src/components/SearchBar/search.js">
        <metrics statements="1" coveredstatements="1" conditionals="0" coveredconditionals="0" methods="1" coveredmethods="1"/>
        <line num="12" count="1" type="stmt"/>
      </file>
    </package>
    <package name="components.SkeletonLoader">
      <metrics statements="2" coveredstatements="2" conditionals="0" coveredconditionals="0" methods="2" coveredmethods="2"/>
      <file name="SkeletonLoader.vue" path="/Users/mac/Documents/Enyata/foodl-app/src/components/SkeletonLoader/SkeletonLoader.vue">
        <metrics statements="1" coveredstatements="1" conditionals="0" coveredconditionals="0" methods="1" coveredmethods="1"/>
        <line num="1" count="12" type="stmt"/>
      </file>
      <file name="skeletonloader.js" path="/Users/mac/Documents/Enyata/foodl-app/src/components/SkeletonLoader/skeletonloader.js">
        <metrics statements="1" coveredstatements="1" conditionals="0" coveredconditionals="0" methods="1" coveredmethods="1"/>
        <line num="11" count="1" type="stmt"/>
      </file>
    </package>
  </project>
</coverage>
