{"/Users/mac/Documents/Enyata/foodl-app/src/api/Http-command.js": {"path":"/Users/mac/Documents/Enyata/foodl-app/src/api/Http-command.js","statementMap":{},"fnMap":{},"branchMap":{},"s":{},"f":{},"b":{},"_coverageSchema":"1a1c01bbd47fc00a2c39e90264f33305004495a9","hash":"9e66313477bf0c7245b2a1bda9a29ff7e854680d"}
,"/Users/mac/Documents/Enyata/foodl-app/src/api/Recipes.js": {"path":"/Users/mac/Documents/Enyata/foodl-app/src/api/Recipes.js","statementMap":{"0":{"start":{"line":5,"column":4},"end":{"line":5,"column":66}},"1":{"start":{"line":8,"column":4},"end":{"line":8,"column":61}}},"fnMap":{"0":{"name":"(anonymous_0)","decl":{"start":{"line":4,"column":2},"end":{"line":4,"column":3}},"loc":{"start":{"line":4,"column":22},"end":{"line":6,"column":3}},"line":4},"1":{"name":"(anonymous_1)","decl":{"start":{"line":7,"column":2},"end":{"line":7,"column":3}},"loc":{"start":{"line":7,"column":18},"end":{"line":9,"column":3}},"line":7}},"branchMap":{},"s":{"0":0,"1":0},"f":{"0":0,"1":0},"b":{},"_coverageSchema":"1a1c01bbd47fc00a2c39e90264f33305004495a9","hash":"fe9295d99bddeeeb2ba88fc8df2b9561967c2533"}
,"/Users/mac/Documents/Enyata/foodl-app/src/components/Cards/Cards.vue": {"path":"/Users/mac/Documents/Enyata/foodl-app/src/components/Cards/Cards.vue","statementMap":{"0":{"start":{"line":1,"column":0},"end":{"line":1,"column":null}}},"fnMap":{"0":{"name":"(anonymous_0)","decl":{"start":{"line":1,"column":0},"end":{"line":1,"column":null}},"loc":{"start":{"line":1,"column":0},"end":{"line":1,"column":null}}}},"branchMap":{"0":{"loc":{"start":{"line":1,"column":0},"end":{"line":1,"column":null}},"type":"cond-expr","locations":[{"start":{"line":1,"column":0},"end":{"line":1,"column":null}},{"start":{"line":1,"column":0},"end":{"line":1,"column":null}}]}},"s":{"0":12},"f":{"0":2},"b":{"0":[2,0]}}
,"/Users/mac/Documents/Enyata/foodl-app/src/components/Cards/cards.js": {"path":"/Users/mac/Documents/Enyata/foodl-app/src/components/Cards/cards.js","statementMap":{"0":{"start":{"line":13,"column":4},"end":{"line":16,"column":6}},"1":{"start":{"line":23,"column":6},"end":{"line":23,"column":29}},"2":{"start":{"line":28,"column":6},"end":{"line":28,"column":22}},"3":{"start":{"line":35,"column":6},"end":{"line":35,"column":27}},"4":{"start":{"line":36,"column":6},"end":{"line":36,"column":32}},"5":{"start":{"line":40,"column":6},"end":{"line":40,"column":44}},"6":{"start":{"line":56,"column":6},"end":{"line":73,"column":7}},"7":{"start":{"line":57,"column":8},"end":{"line":57,"column":35}},"8":{"start":{"line":58,"column":8},"end":{"line":70,"column":13}},"9":{"start":{"line":60,"column":12},"end":{"line":60,"column":68}},"10":{"start":{"line":61,"column":12},"end":{"line":61,"column":47}},"11":{"start":{"line":64,"column":12},"end":{"line":64,"column":27}},"12":{"start":{"line":67,"column":12},"end":{"line":69,"column":21}},"13":{"start":{"line":68,"column":14},"end":{"line":68,"column":42}},"14":{"start":{"line":72,"column":8},"end":{"line":72,"column":28}},"15":{"start":{"line":78,"column":4},"end":{"line":78,"column":27}}},"fnMap":{"0":{"name":"(anonymous_0)","decl":{"start":{"line":12,"column":2},"end":{"line":12,"column":3}},"loc":{"start":{"line":12,"column":9},"end":{"line":17,"column":3}},"line":12},"1":{"name":"(anonymous_1)","decl":{"start":{"line":19,"column":2},"end":{"line":19,"column":3}},"loc":{"start":{"line":19,"column":12},"end":{"line":19,"column":14}},"line":19},"2":{"name":"(anonymous_2)","decl":{"start":{"line":22,"column":4},"end":{"line":22,"column":5}},"loc":{"start":{"line":22,"column":18},"end":{"line":25,"column":5}},"line":22},"3":{"name":"(anonymous_3)","decl":{"start":{"line":27,"column":4},"end":{"line":27,"column":5}},"loc":{"start":{"line":27,"column":13},"end":{"line":29,"column":5}},"line":27},"4":{"name":"(anonymous_4)","decl":{"start":{"line":34,"column":4},"end":{"line":34,"column":5}},"loc":{"start":{"line":34,"column":27},"end":{"line":37,"column":5}},"line":34},"5":{"name":"(anonymous_5)","decl":{"start":{"line":39,"column":4},"end":{"line":39,"column":5}},"loc":{"start":{"line":39,"column":20},"end":{"line":53,"column":5}},"line":39},"6":{"name":"(anonymous_6)","decl":{"start":{"line":55,"column":4},"end":{"line":55,"column":5}},"loc":{"start":{"line":55,"column":22},"end":{"line":74,"column":5}},"line":55},"7":{"name":"(anonymous_7)","decl":{"start":{"line":59,"column":16},"end":{"line":59,"column":17}},"loc":{"start":{"line":59,"column":30},"end":{"line":62,"column":11}},"line":59},"8":{"name":"(anonymous_8)","decl":{"start":{"line":63,"column":17},"end":{"line":63,"column":18}},"loc":{"start":{"line":63,"column":24},"end":{"line":65,"column":11}},"line":63},"9":{"name":"(anonymous_9)","decl":{"start":{"line":66,"column":19},"end":{"line":66,"column":20}},"loc":{"start":{"line":66,"column":25},"end":{"line":70,"column":11}},"line":66},"10":{"name":"(anonymous_10)","decl":{"start":{"line":67,"column":23},"end":{"line":67,"column":24}},"loc":{"start":{"line":67,"column":29},"end":{"line":69,"column":13}},"line":67},"11":{"name":"(anonymous_11)","decl":{"start":{"line":77,"column":2},"end":{"line":77,"column":3}},"loc":{"start":{"line":77,"column":12},"end":{"line":84,"column":3}},"line":77}},"branchMap":{"0":{"loc":{"start":{"line":56,"column":6},"end":{"line":73,"column":7}},"type":"if","locations":[{"start":{"line":56,"column":6},"end":{"line":73,"column":7}},{"start":{"line":71,"column":13},"end":{"line":73,"column":7}}],"line":56}},"s":{"0":2,"1":0,"2":0,"3":1,"4":1,"5":0,"6":2,"7":0,"8":0,"9":0,"10":0,"11":0,"12":0,"13":0,"14":2,"15":2},"f":{"0":2,"1":2,"2":0,"3":0,"4":1,"5":0,"6":2,"7":0,"8":0,"9":0,"10":0,"11":2},"b":{"0":[0,2]},"_coverageSchema":"1a1c01bbd47fc00a2c39e90264f33305004495a9","hash":"8c079c2c3c69ebdd67db3598adbceb974d8e5c7b"}
,"/Users/mac/Documents/Enyata/foodl-app/src/components/NavBar/NavBar.vue": {"path":"/Users/mac/Documents/Enyata/foodl-app/src/components/NavBar/NavBar.vue","statementMap":{"0":{"start":{"line":1,"column":0},"end":{"line":1,"column":null}}},"fnMap":{"0":{"name":"(anonymous_0)","decl":{"start":{"line":1,"column":0},"end":{"line":1,"column":null}},"loc":{"start":{"line":1,"column":0},"end":{"line":1,"column":null}}}},"branchMap":{},"s":{"0":6},"f":{"0":1},"b":{}}
,"/Users/mac/Documents/Enyata/foodl-app/src/components/NavBar/navbar.js": {"path":"/Users/mac/Documents/Enyata/foodl-app/src/components/NavBar/navbar.js","statementMap":{},"fnMap":{},"branchMap":{},"s":{},"f":{},"b":{},"_coverageSchema":"1a1c01bbd47fc00a2c39e90264f33305004495a9","hash":"60a8760b3227ba8cb0919caadfc58d2169d5e92e"}
,"/Users/mac/Documents/Enyata/foodl-app/src/components/SearchBar/Search.vue": {"path":"/Users/mac/Documents/Enyata/foodl-app/src/components/SearchBar/Search.vue","statementMap":{"0":{"start":{"line":1,"column":0},"end":{"line":1,"column":null}}},"fnMap":{"0":{"name":"(anonymous_0)","decl":{"start":{"line":1,"column":0},"end":{"line":1,"column":null}},"loc":{"start":{"line":1,"column":0},"end":{"line":1,"column":null}}}},"branchMap":{"0":{"loc":{"start":{"line":1,"column":0},"end":{"line":1,"column":null}},"type":"if","locations":[{"start":{"line":1,"column":0},"end":{"line":1,"column":null}}]}},"s":{"0":6},"f":{"0":1},"b":{"0":[0]}}
,"/Users/mac/Documents/Enyata/foodl-app/src/components/SearchBar/search.js": {"path":"/Users/mac/Documents/Enyata/foodl-app/src/components/SearchBar/search.js","statementMap":{"0":{"start":{"line":12,"column":4},"end":{"line":14,"column":6}}},"fnMap":{"0":{"name":"(anonymous_0)","decl":{"start":{"line":11,"column":2},"end":{"line":11,"column":3}},"loc":{"start":{"line":11,"column":9},"end":{"line":15,"column":3}},"line":11}},"branchMap":{},"s":{"0":1},"f":{"0":1},"b":{},"_coverageSchema":"1a1c01bbd47fc00a2c39e90264f33305004495a9","hash":"9a8b15a3c38a82176ce1b82b01087a7870c1413a"}
,"/Users/mac/Documents/Enyata/foodl-app/src/components/SkeletonLoader/SkeletonLoader.vue": {"path":"/Users/mac/Documents/Enyata/foodl-app/src/components/SkeletonLoader/SkeletonLoader.vue","statementMap":{"0":{"start":{"line":1,"column":0},"end":{"line":1,"column":null}}},"fnMap":{"0":{"name":"(anonymous_0)","decl":{"start":{"line":1,"column":0},"end":{"line":1,"column":null}},"loc":{"start":{"line":1,"column":0},"end":{"line":1,"column":null}}}},"branchMap":{},"s":{"0":12},"f":{"0":1},"b":{}}
,"/Users/mac/Documents/Enyata/foodl-app/src/components/SkeletonLoader/skeletonloader.js": {"path":"/Users/mac/Documents/Enyata/foodl-app/src/components/SkeletonLoader/skeletonloader.js","statementMap":{"0":{"start":{"line":11,"column":4},"end":{"line":11,"column":14}}},"fnMap":{"0":{"name":"(anonymous_0)","decl":{"start":{"line":10,"column":2},"end":{"line":10,"column":3}},"loc":{"start":{"line":10,"column":9},"end":{"line":12,"column":3}},"line":10}},"branchMap":{},"s":{"0":1},"f":{"0":1},"b":{},"_coverageSchema":"1a1c01bbd47fc00a2c39e90264f33305004495a9","hash":"602b324857ae2d535408158ff10aceb736989149"}
}
